#! /c/Source/iverilog-install/bin/vvp
:ivl_version "12.0 (devel)" "(s20150603-1110-g18392a46)";
:ivl_delay_selection "TYPICAL";
:vpi_time_precision + 0;
:vpi_module "C:\iverilog\lib\ivl\system.vpi";
:vpi_module "C:\iverilog\lib\ivl\vhdl_sys.vpi";
:vpi_module "C:\iverilog\lib\ivl\vhdl_textio.vpi";
:vpi_module "C:\iverilog\lib\ivl\v2005_math.vpi";
:vpi_module "C:\iverilog\lib\ivl\va_math.vpi";
S_00000244ad432ce0 .scope module, "d_ff_mtcmos" "d_ff_mtcmos" 2 1;
 .timescale 0 0;
    .port_info 0 /INPUT 1 "D";
    .port_info 1 /INPUT 1 "clk";
    .port_info 2 /INPUT 1 "rst";
    .port_info 3 /INPUT 1 "sleep";
    .port_info 4 /OUTPUT 1 "Q";
o00000244ad466f98 .functor BUFZ 1, C4<z>; HiZ drive
v00000244ad4333b0_0 .net "D", 0 0, o00000244ad466f98;  0 drivers
v00000244ad432e70_0 .net "Q", 0 0, L_00000244ad5adba0;  1 drivers
L_00000244ad4b0028 .functor BUFT 1, C4<0>, C4<0>, C4<0>, C4<0>;
v00000244ad432f10_0 .net/2u *"_ivl_0", 0 0, L_00000244ad4b0028;  1 drivers
o00000244ad467028 .functor BUFZ 1, C4<z>; HiZ drive
v00000244ad432fb0_0 .net "clk", 0 0, o00000244ad467028;  0 drivers
o00000244ad467058 .functor BUFZ 1, C4<z>; HiZ drive
v00000244ad433050_0 .net "rst", 0 0, o00000244ad467058;  0 drivers
o00000244ad467088 .functor BUFZ 1, C4<z>; HiZ drive
v00000244ad4330f0_0 .net "sleep", 0 0, o00000244ad467088;  0 drivers
v00000244ad5adb00_0 .var "state", 0 0;
E_00000244ad5a8460 .event posedge, v00000244ad433050_0, v00000244ad432fb0_0;
L_00000244ad5adba0 .functor MUXZ 1, v00000244ad5adb00_0, L_00000244ad4b0028, o00000244ad467088, C4<>;
    .scope S_00000244ad432ce0;
T_0 ;
    %wait E_00000244ad5a8460;
    %load/vec4 v00000244ad433050_0;
    %flag_set/vec4 8;
    %jmp/0xz  T_0.0, 8;
    %pushi/vec4 0, 0, 1;
    %assign/vec4 v00000244ad5adb00_0, 0;
    %jmp T_0.1;
T_0.0 ;
    %load/vec4 v00000244ad4330f0_0;
    %nor/r;
    %flag_set/vec4 8;
    %jmp/0xz  T_0.2, 8;
    %load/vec4 v00000244ad4333b0_0;
    %assign/vec4 v00000244ad5adb00_0, 0;
T_0.2 ;
T_0.1 ;
    %jmp T_0;
    .thread T_0;
# The file index is used to find the file name in the following table.
:file_names 3;
    "N/A";
    "<interactive>";
    "d_ff_mtcmos.v";
