#! /c/Source/iverilog-install/bin/vvp
:ivl_version "12.0 (devel)" "(s20150603-1110-g18392a46)";
:ivl_delay_selection "TYPICAL";
:vpi_time_precision + 0;
:vpi_module "C:\iverilog\lib\ivl\system.vpi";
:vpi_module "C:\iverilog\lib\ivl\vhdl_sys.vpi";
:vpi_module "C:\iverilog\lib\ivl\vhdl_textio.vpi";
:vpi_module "C:\iverilog\lib\ivl\v2005_math.vpi";
:vpi_module "C:\iverilog\lib\ivl\va_math.vpi";
S_00000269d7242df0 .scope module, "d_ff" "d_ff" 2 1;
 .timescale 0 0;
    .port_info 0 /INPUT 1 "D";
    .port_info 1 /INPUT 1 "clk";
    .port_info 2 /INPUT 1 "rst";
    .port_info 3 /OUTPUT 1 "Q";
o00000269d7276fb8 .functor BUFZ 1, C4<z>; HiZ drive
v00000269d7243390_0 .net "D", 0 0, o00000269d7276fb8;  0 drivers
v00000269d7242f80_0 .var "Q", 0 0;
o00000269d7277018 .functor BUFZ 1, C4<z>; HiZ drive
v00000269d7243020_0 .net "clk", 0 0, o00000269d7277018;  0 drivers
o00000269d7277048 .functor BUFZ 1, C4<z>; HiZ drive
v00000269d72430c0_0 .net "rst", 0 0, o00000269d7277048;  0 drivers
E_00000269d7275910 .event posedge, v00000269d72430c0_0, v00000269d7243020_0;
    .scope S_00000269d7242df0;
T_0 ;
    %wait E_00000269d7275910;
    %load/vec4 v00000269d72430c0_0;
    %flag_set/vec4 8;
    %jmp/0xz  T_0.0, 8;
    %pushi/vec4 0, 0, 1;
    %assign/vec4 v00000269d7242f80_0, 0;
    %jmp T_0.1;
T_0.0 ;
    %load/vec4 v00000269d7243390_0;
    %assign/vec4 v00000269d7242f80_0, 0;
T_0.1 ;
    %jmp T_0;
    .thread T_0;
# The file index is used to find the file name in the following table.
:file_names 3;
    "N/A";
    "<interactive>";
    "d_ff.v";
